<?xml version="1.0" encoding="UTF-8"?>
<testng-results skipped="0" failed="0" ignored="0" total="1" passed="1">
  <reporter-output>
  </reporter-output>
  <suite name="Default suite" duration-ms="127987" started-at="2020-05-30T16:57:43Z" finished-at="2020-05-30T16:59:51Z">
    <groups>
    </groups>
    <test name="Default test" duration-ms="127987" started-at="2020-05-30T16:57:43Z" finished-at="2020-05-30T16:59:51Z">
      <class name="kdf.Application">
        <test-method status="PASS" signature="verifyInvalidLogin()[pri:0, instance:kdf.Application@cc285f4]" name="verifyInvalidLogin" duration-ms="127845" started-at="2020-05-30T16:57:43Z" finished-at="2020-05-30T16:59:51Z">
          <reporter-output>
          </reporter-output>
        </test-method> <!-- verifyInvalidLogin -->
      </class> <!-- kdf.Application -->
    </test> <!-- Default test -->
  </suite> <!-- Default suite -->
</testng-results>
